SF:lib/main.dart
DA:14,0
DA:15,0
DA:17,0
DA:19,0
DA:20,0
DA:21,0
DA:22,0
DA:25,0
DA:26,0
DA:27,0
DA:28,0
DA:29,0
DA:30,0
DA:31,0
DA:41,1
DA:44,0
DA:47,0
DA:48,0
DA:49,0
DA:51,0
DA:54,0
DA:57,0
LF:22
LH:1
end_of_record
SF:lib/core/models/brand_model.dart
DA:7,0
DA:15,0
DA:16,0
DA:17,0
DA:18,0
DA:19,0
DA:20,0
LF:7
LH:0
end_of_record
SF:lib/core/models/cart_model.dart
DA:10,0
LF:1
LH:0
end_of_record
SF:lib/core/models/review_model.dart
DA:10,0
DA:19,0
DA:20,0
DA:21,0
DA:22,0
DA:23,0
DA:24,0
DA:25,0
LF:8
LH:0
end_of_record
SF:lib/core/models/shoe_color.dart
DA:5,0
DA:10,0
DA:11,0
DA:12,0
DA:13,0
LF:5
LH:0
end_of_record
SF:lib/core/models/shoe_model.dart
DA:19,0
DA:33,0
DA:34,0
DA:35,0
DA:36,0
DA:37,0
DA:38,0
DA:39,0
DA:40,0
DA:41,0
DA:42,0
DA:43,0
DA:44,0
DA:45,0
DA:46,0
DA:47,0
DA:48,0
DA:49,0
DA:50,0
DA:51,0
DA:55,0
DA:56,0
DA:57,0
DA:58,0
DA:59,0
DA:60,0
DA:61,0
DA:62,0
DA:63,0
DA:64,0
DA:65,0
DA:66,0
DA:67,0
DA:71,0
DA:74,0
DA:75,0
DA:82,0
DA:83,0
DA:89,0
DA:90,0
DA:91,0
DA:92,0
DA:96,0
DA:99,0
DA:100,0
DA:102,0
DA:104,0
DA:105,0
DA:106,0
DA:107,0
DA:108,0
DA:112,0
DA:117,0
DA:118,0
DA:120,0
DA:121,0
DA:122,0
DA:123,0
DA:124,0
DA:125,0
DA:129,0
LF:61
LH:0
end_of_record
SF:lib/core/providers/brands_provider.dart
DA:8,0
DA:12,0
DA:15,0
DA:17,0
DA:18,0
DA:20,0
DA:21,0
DA:23,0
DA:26,0
DA:27,0
DA:28,0
DA:29,0
DA:30,0
DA:31,0
DA:36,0
DA:37,0
DA:38,0
DA:39,0
DA:41,0
DA:42,0
LF:20
LH:0
end_of_record
SF:lib/core/providers/cart_provider.dart
DA:7,0
DA:9,0
DA:18,0
DA:19,0
DA:20,0
DA:21,0
DA:22,0
DA:23,0
DA:24,0
DA:26,0
DA:36,0
DA:39,0
DA:40,0
DA:41,0
DA:42,0
DA:43,0
DA:44,0
DA:45,0
DA:46,0
DA:47,0
DA:48,0
DA:50,0
DA:54,0
DA:55,0
DA:56,0
DA:57,0
DA:58,0
DA:59,0
DA:60,0
DA:63,0
DA:64,0
DA:65,0
DA:68,0
DA:70,0
DA:71,0
LF:35
LH:0
end_of_record
SF:lib/core/providers/selected_shoe_provider.dart
DA:8,0
DA:10,0
DA:12,0
DA:13,0
DA:14,0
DA:15,0
LF:6
LH:0
end_of_record
SF:lib/core/providers/shoe_provider.dart
DA:8,0
DA:10,0
DA:12,0
DA:14,0
DA:15,0
DA:16,0
DA:17,0
DA:19,0
DA:21,0
DA:23,0
DA:26,0
DA:29,0
DA:30,0
DA:32,0
DA:33,0
DA:37,0
DA:38,0
DA:39,0
DA:40,0
DA:41,0
DA:42,0
DA:43,0
DA:44,0
DA:46,0
DA:47,0
DA:54,0
DA:55,0
DA:56,0
DA:58,0
DA:59,0
LF:30
LH:0
end_of_record
SF:lib/core/providers/theme_provider.dart
DA:13,0
DA:16,0
DA:19,0
DA:20,0
DA:21,0
DA:26,0
DA:27,0
DA:28,0
DA:30,0
LF:9
LH:0
end_of_record
SF:lib/themes/theme.dart
DA:5,0
DA:10,0
DA:11,0
DA:12,0
DA:17,0
DA:21,0
DA:22,0
DA:23,0
LF:8
LH:0
end_of_record
SF:lib/core/routes/app_routes.dart
DA:10,0
DA:11,0
DA:13,0
DA:14,0
DA:16,0
DA:17,0
DA:18,0
DA:22,0
DA:23,0
DA:24,0
DA:28,0
DA:29,0
DA:30,0
DA:34,0
DA:35,0
DA:36,0
DA:40,0
DA:41,0
DA:42,0
DA:46,0
DA:47,0
DA:48,0
DA:53,0
DA:54,0
LF:24
LH:0
end_of_record
SF:lib/core/screens/all_reviews_page.dart
DA:14,1
DA:19,0
DA:20,0
DA:40,0
DA:42,0
DA:43,0
DA:44,0
DA:45,0
DA:48,0
DA:50,0
DA:51,0
DA:54,0
DA:55,0
DA:56,0
DA:57,0
DA:61,0
DA:62,0
DA:63,0
DA:64,0
DA:66,0
DA:67,0
DA:68,0
DA:69,0
DA:70,0
DA:71,0
DA:75,0
DA:76,0
DA:77,0
DA:78,0
DA:81,0
DA:82,0
DA:83,0
DA:84,0
DA:85,0
DA:86,0
DA:90,0
DA:91,0
DA:92,0
DA:93,0
DA:94,0
DA:96,0
DA:98,0
DA:99,0
DA:101,0
DA:102,0
DA:103,0
DA:106,0
DA:108,0
DA:113,0
DA:114,0
DA:116,0
DA:117,0
DA:119,0
DA:120,0
DA:122,0
DA:123,0
DA:125,0
DA:128,0
DA:130,0
DA:131,0
DA:133,0
DA:139,0
DA:141,0
DA:142,0
DA:144,0
DA:148,0
DA:151,0
DA:153,0
DA:168,0
DA:170,0
DA:171,0
DA:172,0
DA:173,0
DA:174,0
DA:183,0
DA:184,0
DA:185,0
DA:186,0
DA:189,0
DA:190,0
DA:191,0
DA:198,0
DA:199,0
DA:211,0
DA:213,0
DA:214,0
DA:215,0
DA:217,0
DA:219,0
DA:220,0
DA:221,0
DA:222,0
DA:223,0
DA:224,0
DA:225,0
DA:228,0
DA:230,0
DA:232,0
DA:245,0
DA:246,0
DA:247,0
DA:248,0
DA:249,0
DA:250,0
DA:251,0
DA:252,0
DA:254,0
DA:255,0
DA:258,0
DA:259,0
DA:260,0
LF:111
LH:1
end_of_record
SF:lib/core/screens/cart_page.dart
DA:11,1
DA:14,0
DA:15,0
DA:19,0
DA:21,0
DA:22,0
DA:23,0
DA:25,0
DA:26,0
DA:37,0
DA:38,0
DA:39,0
DA:40,0
DA:44,0
DA:45,0
DA:46,0
DA:47,0
DA:48,0
DA:49,0
DA:50,0
DA:51,0
DA:52,0
DA:54,0
DA:55,0
DA:56,0
DA:59,0
DA:64,0
DA:65,0
DA:67,0
DA:69,0
DA:70,0
DA:71,0
DA:74,0
DA:75,0
DA:76,0
DA:78,0
DA:80,0
DA:81,0
DA:82,0
DA:89,0
DA:90,0
DA:92,0
DA:93,0
DA:94,0
DA:101,0
DA:102,0
DA:103,0
DA:104,0
DA:111,0
DA:112,0
DA:119,0
DA:120,0
DA:129,0
DA:131,0
DA:132,0
DA:133,0
DA:139,0
DA:140,0
DA:141,0
DA:142,0
DA:144,0
DA:146,0
DA:147,0
DA:148,0
DA:149,0
DA:159,0
DA:160,0
DA:168,0
DA:169,0
DA:171,0
DA:173,0
DA:174,0
DA:175,0
DA:176,0
DA:196,0
DA:200,0
DA:201,0
DA:202,0
DA:203,0
DA:204,0
DA:208,0
DA:210,0
DA:214,0
DA:219,0
DA:220,0
DA:221,0
DA:222,0
DA:223,0
DA:225,0
DA:227,0
DA:228,0
DA:230,0
DA:231,0
DA:233,0
DA:235,0
DA:241,0
DA:242,0
DA:250,0
DA:251,0
DA:252,0
DA:253,0
DA:254,0
DA:255,0
DA:256,0
DA:257,0
DA:258,0
DA:259,0
DA:260,0
DA:263,0
DA:265,0
DA:266,0
DA:267,0
DA:271,0
LF:113
LH:1
end_of_record
SF:lib/core/screens/checkout_page.dart
DA:14,1
DA:18,0
DA:20,0
DA:21,0
DA:23,0
DA:24,0
DA:26,0
DA:29,0
DA:32,0
DA:36,0
DA:37,0
DA:39,0
DA:40,0
DA:41,0
DA:43,0
DA:44,0
DA:54,0
DA:56,0
DA:60,0
DA:61,0
DA:72,0
DA:73,0
DA:74,0
DA:75,0
DA:79,0
DA:81,0
DA:82,0
DA:83,0
DA:85,0
DA:174,0
DA:176,0
DA:177,0
DA:178,0
DA:179,0
DA:181,0
DA:182,0
DA:184,0
DA:185,0
DA:186,0
DA:195,0
DA:196,0
DA:197,0
DA:201,0
DA:203,0
DA:204,0
DA:205,0
DA:230,0
DA:232,0
DA:240,0
DA:241,0
DA:281,0
DA:283,0
DA:291,0
DA:292,0
DA:302,0
DA:306,0
DA:309,0
DA:311,0
DA:312,0
DA:314,0
DA:315,0
DA:317,0
DA:319,0
DA:325,0
DA:326,0
DA:334,0
DA:335,0
DA:336,0
DA:338,0
LF:69
LH:1
end_of_record
SF:lib/core/screens/discover_page.dart
DA:17,2
DA:20,0
DA:21,0
DA:42,0
DA:43,0
DA:44,0
DA:45,0
DA:46,0
DA:47,0
DA:52,0
DA:53,0
DA:54,0
DA:55,0
DA:56,0
DA:58,0
DA:59,0
DA:60,0
DA:61,0
DA:62,0
DA:63,0
DA:65,0
DA:67,0
DA:74,0
DA:76,0
DA:77,0
DA:80,0
DA:81,0
DA:84,0
DA:85,0
DA:87,0
DA:89,0
DA:93,0
DA:94,0
DA:96,0
DA:98,0
DA:108,0
DA:109,0
DA:110,0
DA:111,0
DA:112,0
DA:114,0
DA:115,0
DA:117,0
DA:118,0
DA:120,0
DA:121,0
DA:123,0
DA:133,0
DA:135,0
DA:136,0
DA:140,0
DA:142,0
DA:143,0
DA:145,0
DA:146,0
DA:147,0
DA:153,0
DA:155,0
DA:156,0
DA:158,0
DA:161,0
DA:163,0
DA:164,0
DA:169,0
DA:171,0
DA:173,0
DA:174,0
DA:175,0
DA:176,0
DA:180,0
DA:181,0
DA:183,0
DA:185,0
DA:186,0
DA:188,0
DA:190,0
DA:191,0
DA:192,0
DA:194,0
DA:204,0
DA:206,0
DA:208,0
DA:209,0
DA:210,0
DA:211,0
DA:212,0
DA:213,0
DA:214,0
DA:220,0
DA:222,0
DA:224,0
DA:225,0
DA:226,0
DA:233,0
DA:234,0
DA:235,0
DA:237,0
DA:241,0
DA:243,0
DA:244,0
DA:245,0
DA:246,0
DA:250,0
DA:251,0
DA:252,0
DA:254,0
DA:256,0
DA:257,0
DA:258,0
DA:262,0
DA:263,0
DA:264,0
DA:266,0
DA:268,0
DA:270,0
DA:272,0
DA:284,0
DA:285,0
DA:288,0
DA:292,0
DA:295,0
DA:296,0
DA:303,0
DA:304,0
DA:306,0
DA:308,0
DA:310,0
DA:312,0
DA:321,0
DA:322,0
DA:323,0
DA:324,0
DA:325,0
DA:326,0
DA:328,0
DA:330,0
DA:331,0
DA:332,0
DA:333,0
DA:334,0
DA:335,0
DA:337,0
DA:339,0
DA:351,0
DA:352,0
DA:353,0
DA:354,0
DA:355,0
DA:357,0
DA:358,0
DA:360,0
DA:361,0
DA:363,0
DA:364,0
DA:366,0
DA:378,0
DA:379,0
DA:381,0
DA:383,0
DA:385,0
DA:388,0
DA:390,0
DA:392,0
DA:394,0
DA:396,0
DA:397,0
DA:398,0
DA:399,0
DA:400,0
DA:402,0
DA:405,0
DA:406,0
DA:407,0
DA:409,0
DA:411,0
DA:412,0
DA:413,0
DA:415,0
DA:416,0
DA:419,0
DA:420,0
DA:422,0
DA:424,0
DA:426,0
DA:432,0
DA:433,0
DA:434,0
DA:436,0
DA:437,0
DA:438,0
DA:439,0
DA:441,0
DA:442,0
DA:448,0
DA:455,0
DA:456,0
DA:457,0
DA:458,0
DA:470,0
DA:472,0
DA:473,0
DA:475,0
DA:478,0
DA:479,0
DA:480,0
DA:482,0
DA:487,0
DA:488,0
DA:489,0
DA:491,0
DA:492,0
DA:493,0
DA:495,0
DA:496,0
DA:499,0
DA:500,0
DA:502,0
DA:508,0
DA:509,0
DA:510,0
DA:519,0
DA:520,0
DA:521,0
DA:522,0
DA:530,0
DA:531,0
DA:532,0
LF:227
LH:1
end_of_record
SF:lib/core/screens/filter_page.dart
DA:17,1
DA:19,0
DA:20,0
DA:34,0
DA:36,0
DA:37,0
DA:40,0
DA:43,0
DA:44,0
DA:45,0
DA:46,0
DA:47,0
DA:48,0
DA:49,0
DA:53,0
DA:55,0
DA:56,0
DA:57,0
DA:58,0
DA:63,0
DA:65,0
DA:66,0
DA:72,0
DA:78,0
DA:79,0
DA:90,0
DA:91,0
DA:92,0
DA:93,0
DA:97,0
DA:98,0
DA:100,0
DA:101,0
DA:102,0
DA:107,0
DA:109,0
DA:111,0
DA:113,0
DA:121,0
DA:123,0
DA:125,0
DA:126,0
DA:127,0
DA:128,0
DA:129,0
DA:130,0
DA:133,0
DA:137,0
DA:139,0
DA:140,0
DA:145,0
DA:147,0
DA:148,0
DA:149,0
DA:150,0
DA:151,0
DA:153,0
DA:154,0
DA:155,0
DA:157,0
DA:158,0
DA:160,0
DA:162,0
DA:164,0
DA:170,0
DA:171,0
DA:172,0
DA:173,0
DA:179,0
DA:180,0
DA:181,0
DA:183,0
DA:201,0
DA:203,0
DA:211,0
DA:213,0
DA:214,0
DA:215,0
DA:216,0
DA:217,0
DA:218,0
DA:219,0
DA:222,0
DA:225,0
DA:226,0
DA:227,0
DA:229,0
DA:230,0
DA:231,0
DA:232,0
DA:233,0
DA:238,0
DA:239,0
DA:240,0
DA:241,0
DA:243,0
DA:244,0
DA:245,0
DA:257,0
DA:259,0
DA:267,0
DA:269,0
DA:270,0
DA:271,0
DA:272,0
DA:273,0
DA:274,0
DA:275,0
DA:278,0
DA:281,0
DA:282,0
DA:283,0
DA:285,0
DA:286,0
DA:287,0
DA:288,0
DA:289,0
DA:294,0
DA:295,0
DA:296,0
DA:297,0
DA:299,0
DA:300,0
DA:301,0
DA:313,0
DA:315,0
DA:323,0
DA:325,0
DA:329,0
DA:330,0
DA:331,0
DA:334,0
DA:336,0
DA:337,0
DA:338,0
DA:339,0
DA:340,0
DA:341,0
DA:346,0
DA:350,0
DA:351,0
DA:352,0
DA:354,0
DA:355,0
DA:356,0
DA:357,0
DA:358,0
DA:366,0
DA:370,0
DA:373,0
DA:375,0
DA:380,0
DA:383,0
DA:384,0
DA:385,0
DA:387,0
DA:392,0
DA:394,0
DA:396,0
DA:407,0
DA:412,0
DA:413,0
DA:415,0
DA:416,0
DA:417,0
DA:418,0
DA:419,0
DA:420,0
DA:421,0
DA:423,0
DA:445,0
DA:449,0
DA:451,0
DA:452,0
DA:453,0
DA:454,0
DA:458,0
DA:460,0
DA:464,0
DA:468,0
DA:469,0
DA:470,0
DA:471,0
DA:472,0
DA:474,0
DA:476,0
DA:477,0
DA:478,0
DA:479,0
DA:481,0
DA:484,0
DA:485,0
DA:486,0
DA:488,0
LF:194
LH:1
end_of_record
SF:lib/core/screens/shoe_details.dart
DA:20,1
DA:24,0
DA:25,0
DA:36,0
DA:38,0
DA:39,0
DA:40,0
DA:41,0
DA:44,0
DA:46,0
DA:47,0
DA:48,0
DA:49,0
DA:50,0
DA:54,0
DA:56,0
DA:57,0
DA:58,0
DA:59,0
DA:60,0
DA:61,0
DA:62,0
DA:63,0
DA:67,0
DA:70,0
DA:71,0
DA:72,0
DA:73,0
DA:74,0
DA:75,0
DA:76,0
DA:77,0
DA:79,0
DA:81,0
DA:84,0
DA:86,0
DA:87,0
DA:88,0
DA:89,0
DA:93,0
DA:94,0
DA:96,0
DA:97,0
DA:98,0
DA:100,0
DA:105,0
DA:107,0
DA:108,0
DA:110,0
DA:111,0
DA:113,0
DA:116,0
DA:118,0
DA:120,0
DA:121,0
DA:123,0
DA:124,0
DA:125,0
DA:127,0
DA:132,0
DA:133,0
DA:134,0
DA:135,0
DA:136,0
DA:140,0
DA:141,0
DA:148,0
DA:150,0
DA:155,0
DA:156,0
DA:157,0
DA:161,0
DA:162,0
DA:163,0
DA:165,0
DA:166,0
DA:167,0
DA:176,0
DA:182,0
DA:183,0
DA:184,0
DA:185,0
DA:187,0
DA:192,0
DA:197,0
DA:198,0
DA:199,0
DA:202,0
DA:204,0
DA:205,0
DA:206,0
DA:207,0
DA:208,0
DA:213,0
DA:218,0
DA:221,0
DA:222,0
DA:223,0
DA:225,0
DA:230,0
DA:232,0
DA:234,0
DA:245,0
DA:259,0
DA:261,0
DA:269,0
DA:270,0
DA:271,0
DA:272,0
DA:273,0
DA:274,0
DA:276,0
DA:277,0
DA:279,0
DA:281,0
DA:282,0
DA:285,0
DA:286,0
DA:287,0
DA:288,0
DA:289,0
DA:290,0
DA:292,0
DA:295,0
DA:297,0
DA:311,0
DA:312,0
DA:313,0
DA:314,0
DA:315,0
DA:316,0
DA:319,0
DA:324,0
DA:325,0
DA:326,0
DA:327,0
DA:330,0
DA:332,0
DA:337,0
DA:338,0
DA:350,0
DA:351,0
DA:352,0
DA:355,0
DA:364,0
DA:366,0
DA:367,0
DA:372,0
DA:374,0
DA:375,0
DA:376,0
DA:377,0
DA:378,0
DA:379,0
DA:380,0
DA:383,0
DA:387,0
DA:389,0
DA:390,0
DA:391,0
DA:392,0
DA:393,0
DA:395,0
DA:396,0
DA:397,0
DA:398,0
DA:400,0
DA:402,0
DA:422,0
DA:424,0
DA:428,0
DA:434,0
DA:435,0
DA:444,0
DA:445,0
DA:446,0
DA:447,0
DA:448,0
DA:449,0
DA:452,0
DA:453,0
DA:457,0
DA:458,0
DA:460,0
DA:461,0
DA:462,0
DA:463,0
DA:465,0
DA:466,0
DA:467,0
DA:468,0
DA:471,0
DA:472,0
DA:473,0
DA:474,0
DA:476,0
DA:477,0
DA:484,0
DA:486,0
DA:487,0
DA:490,0
DA:521,0
DA:525,0
DA:528,0
DA:529,0
DA:530,0
DA:532,0
DA:534,0
DA:535,0
DA:537,0
DA:538,0
DA:540,0
DA:542,0
DA:548,0
DA:549,0
DA:557,0
DA:558,0
DA:559,0
DA:560,0
DA:562,0
DA:564,0
DA:565,0
DA:567,0
DA:568,0
DA:571,0
DA:574,0
DA:575,0
DA:577,0
DA:579,0
DA:581,0
DA:591,0
DA:604,0
DA:605,0
DA:606,0
DA:607,0
DA:608,0
DA:610,0
DA:612,0
DA:613,0
DA:615,0
DA:616,0
DA:617,0
DA:620,0
DA:622,0
DA:627,0
DA:628,0
DA:630,0
DA:631,0
DA:633,0
DA:634,0
DA:636,0
DA:637,0
DA:639,0
DA:642,0
DA:644,0
DA:645,0
DA:647,0
DA:653,0
DA:655,0
DA:656,0
DA:658,0
DA:662,0
DA:665,0
DA:667,0
DA:682,0
DA:683,0
DA:684,0
DA:685,0
DA:686,0
DA:688,0
DA:689,0
DA:691,0
DA:692,0
DA:694,0
DA:695,0
DA:697,0
DA:707,0
DA:708,0
DA:715,0
DA:718,0
DA:722,0
DA:723,0
DA:726,0
DA:727,0
DA:729,0
DA:730,0
DA:731,0
DA:735,0
DA:740,0
DA:742,0
DA:747,0
DA:750,0
DA:751,0
DA:753,0
DA:754,0
DA:757,0
DA:758,0
DA:759,0
DA:765,0
DA:767,0
DA:775,0
DA:776,0
DA:777,0
DA:792,0
DA:793,0
DA:794,0
DA:795,0
DA:797,0
DA:798,0
DA:801,0
DA:802,0
DA:803,0
DA:804,0
DA:805,0
DA:806,0
DA:823,0
DA:825,0
DA:826,0
DA:827,0
DA:828,0
DA:829,0
DA:830,0
DA:833,0
DA:834,0
DA:837,0
DA:845,0
DA:846,0
DA:847,0
DA:848,0
DA:851,0
DA:852,0
DA:855,0
DA:871,0
DA:873,0
DA:874,0
DA:876,0
DA:877,0
DA:879,0
DA:881,0
DA:887,0
DA:888,0
DA:896,0
DA:897,0
DA:898,0
DA:900,0
DA:916,0
DA:918,0
DA:919,0
DA:920,0
DA:921,0
DA:922,0
DA:923,0
DA:925,0
DA:926,0
DA:932,0
DA:936,0
DA:938,0
DA:941,0
DA:942,0
DA:943,0
DA:944,0
DA:948,0
DA:953,0
DA:955,0
DA:960,0
DA:963,0
DA:965,0
DA:967,0
DA:968,0
DA:969,0
DA:975,0
DA:976,0
DA:978,0
DA:985,0
DA:986,0
DA:987,0
DA:988,0
DA:992,0
DA:993,0
DA:994,0
DA:996,0
DA:997,0
DA:998,0
DA:999,0
DA:1000,0
DA:1001,0
DA:1002,0
DA:1005,0
DA:1006,0
DA:1010,0
DA:1013,0
DA:1016,0
DA:1019,0
DA:1026,0
DA:1028,0
DA:1029,0
DA:1030,0
DA:1031,0
DA:1032,0
DA:1033,0
DA:1034,0
DA:1037,0
DA:1038,0
DA:1042,0
DA:1045,0
DA:1050,0
DA:1079,0
DA:1081,0
DA:1082,0
LF:409
LH:1
end_of_record
SF:lib/utils/values/app_colors.dart
DA:4,0
DA:5,0
DA:6,0
DA:7,0
DA:8,0
DA:9,0
DA:10,0
DA:11,0
DA:12,0
DA:13,0
DA:14,0
DA:15,0
DA:16,0
DA:18,0
DA:21,0
DA:23,0
DA:29,0
DA:30,0
DA:31,0
DA:32,0
DA:33,0
DA:37,0
DA:38,0
DA:39,0
DA:40,0
DA:41,0
LF:26
LH:0
end_of_record
SF:lib/utils/constants/constants.dart
DA:4,0
DA:5,0
DA:12,0
DA:14,0
DA:20,0
DA:22,0
DA:28,0
DA:31,0
LF:8
LH:0
end_of_record
SF:lib/widgets/review_widget.dart
DA:9,0
DA:11,0
DA:13,0
DA:14,0
DA:15,0
DA:16,0
DA:23,0
DA:24,0
DA:25,0
DA:26,0
DA:27,0
DA:29,0
DA:31,0
DA:32,0
DA:33,0
DA:34,0
DA:35,0
DA:37,0
DA:48,0
DA:50,0
DA:52,0
DA:53,0
DA:54,0
DA:55,0
DA:57,0
DA:58,0
DA:59,0
DA:61,0
DA:62,0
DA:65,0
DA:66,0
DA:68,0
DA:71,0
DA:72,0
DA:73,0
DA:74,0
DA:81,0
DA:82,0
DA:84,0
DA:85,0
DA:87,0
DA:88,0
DA:89,0
DA:94,0
DA:95,0
DA:104,0
DA:105,0
DA:106,0
DA:107,0
DA:108,0
DA:109,0
DA:115,0
DA:116,0
DA:117,0
DA:118,0
DA:121,0
DA:128,0
DA:129,0
LF:58
LH:0
end_of_record
SF:lib/widgets/black_button_widget.dart
DA:4,0
DA:5,0
DA:6,0
DA:8,0
DA:10,0
DA:15,0
DA:16,0
LF:7
LH:0
end_of_record
SF:lib/widgets/range_slider_widget.dart
DA:9,1
DA:11,0
DA:12,0
DA:18,0
DA:20,0
DA:22,0
DA:23,0
DA:25,0
DA:31,0
DA:34,0
DA:40,0
DA:41,0
DA:42,0
DA:43,0
DA:44,0
DA:45,0
DA:49,0
DA:51,0
DA:52,0
DA:54,0
DA:57,0
DA:60,0
DA:61,0
DA:62,0
DA:65,0
DA:68,0
DA:69,0
DA:70,0
DA:73,0
DA:76,0
DA:78,0
DA:81,0
LF:32
LH:1
end_of_record
SF:lib/widgets/white_button_widget.dart
DA:5,0
DA:6,0
DA:7,0
DA:8,0
DA:9,0
DA:10,0
DA:12,0
DA:17,0
DA:18,0
DA:20,0
DA:21,0
LF:11
LH:0
end_of_record
SF:lib/firebase_options.dart
DA:18,0
DA:20,0
DA:25,0
DA:26,0
DA:28,0
DA:30,0
DA:31,0
DA:35,0
DA:36,0
DA:40,0
DA:41,0
DA:46,0
LF:12
LH:0
end_of_record
